<?xml version="1.0" encoding="UTF-8"?>
<!-- Generated by org.testng.reporters.JUnitXMLReporter -->
<testsuite ignored="0" hostname="DESKTOP-O85G55F" failures="0" tests="13" name="TestEdge" time="416.842" errors="0" timestamp="2025-02-21T10:10:18 IST">
  <testcase classname="testNg.Facebook" name="launchfb" time="291.468"/>
  <testcase classname="testNg.Flipkart" name="launchflipkart" time="19.498"/>
  <testcase classname="testNg.Swiggy" name="launchswiggy" time="65.13"/>
  <testcase classname="testNg.LaunchingZomato" name="launchzomato" time="40.599"/>
  <testcase classname="testNg.ByUsingPriorityFlag" name="guava" time="0.002"/>
  <testcase classname="testNg.UsingInvocationCount" name="guava" time="0.003"/>
  <testcase classname="testNg.UsingInvocationCount" name="guava" time="0.002"/>
  <testcase classname="testNg.UsingInvocationCount" name="guava" time="0.001"/>
  <testcase classname="testNg.UsingInvocationCount" name="guava" time="0.001"/>
  <testcase classname="testNg.ByUsingPriorityFlag" name="apple" time="0.003"/>
  <testcase classname="testNg.UsingInvocationCount" name="apple" time="0.002"/>
  <testcase classname="testNg.ByUsingPriorityFlag" name="orange" time="0.003"/>
  <testcase classname="testNg.UsingInvocationCount" name="orange" time="0.004"/>
</testsuite> <!-- TestEdge -->
