<?xml version="1.0" encoding="UTF-8"?>
<!-- Generated by org.testng.reporters.JUnitXMLReporter -->
<testsuite ignored="0" hostname="DESKTOP-O85G55F" failures="0" tests="13" name="TestChrome" time="309.048" errors="0" timestamp="2025-02-21T10:08:30 IST">
  <testcase classname="testNg.Facebook" name="launchfb" time="63.036"/>
  <testcase classname="testNg.Flipkart" name="launchflipkart" time="36.246"/>
  <testcase classname="testNg.Swiggy" name="launchswiggy" time="118.234"/>
  <testcase classname="testNg.LaunchingZomato" name="launchzomato" time="91.343"/>
  <testcase classname="testNg.ByUsingPriorityFlag" name="guava" time="0.011"/>
  <testcase classname="testNg.UsingInvocationCount" name="guava" time="0.005"/>
  <testcase classname="testNg.UsingInvocationCount" name="guava" time="0.005"/>
  <testcase classname="testNg.UsingInvocationCount" name="guava" time="0.002"/>
  <testcase classname="testNg.UsingInvocationCount" name="guava" time="0.004"/>
  <testcase classname="testNg.ByUsingPriorityFlag" name="apple" time="0.002"/>
  <testcase classname="testNg.UsingInvocationCount" name="apple" time="0.003"/>
  <testcase classname="testNg.ByUsingPriorityFlag" name="orange" time="0.002"/>
  <testcase classname="testNg.UsingInvocationCount" name="orange" time="0.002"/>
</testsuite> <!-- TestChrome -->
