<?xml version="1.0" encoding="UTF-8"?>
<testng-results ignored="0" total="1" passed="1" failed="0" skipped="0">
  <reporter-output>
  </reporter-output>
  <suite started-at="2025-02-26T09:14:48 IST" name="Suite " finished-at="2025-02-26T09:14:48 IST" duration-ms="86">
    <groups>
    </groups>
    <test started-at="2025-02-26T09:14:48 IST" name="Test" finished-at="2025-02-26T09:14:48 IST" duration-ms="86">
      <class name="UsingListeners.ListenersScenario">
        <test-method signature="ls()[pri:0, instance:UsingListeners.ListenersScenario@77847718]" started-at="2025-02-26T09:14:48 IST" name="ls" finished-at="2025-02-26T09:14:48 IST" duration-ms="24" status="PASS">
          <reporter-output>
          </reporter-output>
        </test-method> <!-- ls -->
      </class> <!-- UsingListeners.ListenersScenario -->
    </test> <!-- Test -->
  </suite> <!-- Suite  -->
</testng-results>
